0 info it worked if it ends with ok
1 verbose cli [ '/usr/bin/node', '/usr/bin/npm', 'run', 'coba' ]
2 info using npm@3.5.2
3 info using node@v8.10.0
4 verbose run-script [ 'precoba', 'coba', 'postcoba' ]
5 info lifecycle FTP@1.0.0~precoba: FTP@1.0.0
6 silly lifecycle FTP@1.0.0~precoba: no script for precoba, continuing
7 info lifecycle FTP@1.0.0~coba: FTP@1.0.0
8 verbose lifecycle FTP@1.0.0~coba: unsafe-perm in lifecycle true
9 verbose lifecycle FTP@1.0.0~coba: PATH: /usr/share/npm/bin/node-gyp-bin:/home/rstx/Documents/GUI-FTP/node_modules/.bin:/home/rstx/.config/composer/vendor/bin:/home/rstx/.composer/vendor/bin:/home/rstx/.config/composer/vendor/bin:/home/rstx/.composer/vendor/bin:/usr/local/sbin:/usr/local/bin:/usr/sbin:/usr/bin:/sbin:/bin:/usr/games:/usr/local/games:/snap/bin:/home/rstx/bin:/usr/local/java/jdk-11.0.2/bin:/home/rstx/bin:/usr/local/java/jdk-11.0.2/bin
10 verbose lifecycle FTP@1.0.0~coba: CWD: /home/rstx/Documents/GUI-FTP
11 silly lifecycle FTP@1.0.0~coba: Args: [ '-c', 'node coba.js' ]
12 silly lifecycle FTP@1.0.0~coba: Returned: code: 1  signal: null
13 info lifecycle FTP@1.0.0~coba: Failed to exec coba script
14 verbose stack Error: FTP@1.0.0 coba: `node coba.js`
14 verbose stack Exit status 1
14 verbose stack     at EventEmitter.<anonymous> (/usr/share/npm/lib/utils/lifecycle.js:232:16)
14 verbose stack     at emitTwo (events.js:126:13)
14 verbose stack     at EventEmitter.emit (events.js:214:7)
14 verbose stack     at ChildProcess.<anonymous> (/usr/share/npm/lib/utils/spawn.js:24:14)
14 verbose stack     at emitTwo (events.js:126:13)
14 verbose stack     at ChildProcess.emit (events.js:214:7)
14 verbose stack     at maybeClose (internal/child_process.js:925:16)
14 verbose stack     at Process.ChildProcess._handle.onexit (internal/child_process.js:209:5)
15 verbose pkgid FTP@1.0.0
16 verbose cwd /home/rstx/Documents/GUI-FTP
17 error Linux 4.15.0-65-generic
18 error argv "/usr/bin/node" "/usr/bin/npm" "run" "coba"
19 error node v8.10.0
20 error npm  v3.5.2
21 error code ELIFECYCLE
22 error FTP@1.0.0 coba: `node coba.js`
22 error Exit status 1
23 error Failed at the FTP@1.0.0 coba script 'node coba.js'.
23 error Make sure you have the latest version of node.js and npm installed.
23 error If you do, this is most likely a problem with the FTP package,
23 error not with npm itself.
23 error Tell the author that this fails on your system:
23 error     node coba.js
23 error You can get information on how to open an issue for this project with:
23 error     npm bugs FTP
23 error Or if that isn't available, you can get their info via:
23 error     npm owner ls FTP
23 error There is likely additional logging output above.
24 verbose exit [ 1, true ]
